<?xml version="1.0" encoding="UTF-8"?>
<!-- Generated by org.testng.reporters.JUnitXMLReporter -->
<testsuite ignored="0" hostname="DESKTOP-FIG2BJD" failures="1" tests="3" name="Test" time="2.262" errors="0" timestamp="2024-04-23T14:57:29 IST">
  <testcase classname="com.itlearn360.Pages.BaseTest" name="@BeforeClass setUp" time="0.012">
    <failure type="java.lang.NullPointerException" message="Cannot invoke &amp;quot;java.util.Properties.getProperty(String)&amp;quot; because &amp;quot;this.prop&amp;quot; is null">
      <![CDATA[java.lang.NullPointerException: Cannot invoke "java.util.Properties.getProperty(String)" because "this.prop" is null
at com.itlearn360.Utilities.ConfigDataProvider.getBrowser(ConfigDataProvider.java:27)
at com.itlearn360.Pages.BaseTest.setUp(BaseTest.java:20)
at java.base/java.util.ArrayList.forEach(ArrayList.java:1597)
... Removed 23 stack frames]]>
    </failure>
  </testcase> <!-- @BeforeClass setUp -->
  <testcase classname="com.itlearn360.Pages.BaseTest" name="@AfterClass tearDown" time="-1.713864447785E9">
    <skipped/>
  </testcase> <!-- @AfterClass tearDown -->
  <testcase classname="com.itlearn360.Pages.BaseTest" name="@BeforeClass setUp" time="0.001">
    <failure type="java.lang.NullPointerException" message="Cannot invoke &amp;quot;java.util.Properties.getProperty(String)&amp;quot; because &amp;quot;this.prop&amp;quot; is null">
      <![CDATA[java.lang.NullPointerException: Cannot invoke "java.util.Properties.getProperty(String)" because "this.prop" is null
at com.itlearn360.Utilities.ConfigDataProvider.getBrowser(ConfigDataProvider.java:27)
at com.itlearn360.Pages.BaseTest.setUp(BaseTest.java:20)
at java.base/java.util.ArrayList.forEach(ArrayList.java:1597)
... Removed 23 stack frames]]>
    </failure>
  </testcase> <!-- @BeforeClass setUp -->
  <testcase classname="com.itlearn360.Pages.BaseTest" name="@AfterClass tearDown" time="-1.713864447802E9">
    <skipped/>
  </testcase> <!-- @AfterClass tearDown -->
  <testcase classname="com.itlearn360.Pages.BaseTest" name="@BeforeClass setUp" time="0.0">
    <failure type="java.lang.NullPointerException" message="Cannot invoke &amp;quot;java.util.Properties.getProperty(String)&amp;quot; because &amp;quot;this.prop&amp;quot; is null">
      <![CDATA[java.lang.NullPointerException: Cannot invoke "java.util.Properties.getProperty(String)" because "this.prop" is null
at com.itlearn360.Utilities.ConfigDataProvider.getBrowser(ConfigDataProvider.java:27)
at com.itlearn360.Pages.BaseTest.setUp(BaseTest.java:20)
at java.base/java.util.ArrayList.forEach(ArrayList.java:1597)
... Removed 23 stack frames]]>
    </failure>
  </testcase> <!-- @BeforeClass setUp -->
  <testcase classname="com.itlearn360.Pages.BaseTest" name="@AfterClass tearDown" time="-1.713864449936E9">
    <skipped/>
  </testcase> <!-- @AfterClass tearDown -->
  <testcase classname="com.itlearn.TestCases.PaymentTestCase" name="testcourse" time="0.0">
    <skipped/>
  </testcase> <!-- testcourse -->
  <testcase classname="com.itlearn.TestCases.TestCaseDemo_itlearn" name="testcheck" time="0.0">
    <skipped/>
  </testcase> <!-- testcheck -->
  <testcase classname="com.itlearn.TestCases.LoginTestDrivenData" name="verifylogin" time="2.114">
    <failure type="org.testng.internal.reflect.MethodMatcherException" message="
[void com.itlearn.TestCases.LoginTestDrivenData.verifylogin(java.lang.String,java.lang.String)] has no parameters defined but was found to be using a data provider (either explicitly specified or inherited from class level annotation).
Data provider mismatch
Method: verifylogin([Parameter{index=0, type=java.lang.String, declaredAnnotations=[]}, Parameter{index=1, type=java.lang.String, declaredAnnotations=[]}])
Arguments: []">
      <![CDATA[org.testng.internal.reflect.MethodMatcherException: 
[void com.itlearn.TestCases.LoginTestDrivenData.verifylogin(java.lang.String,java.lang.String)] has no parameters defined but was found to be using a data provider (either explicitly specified or inherited from class level annotation).
Data provider mismatch
Method: verifylogin([Parameter{index=0, type=java.lang.String, declaredAnnotations=[]}, Parameter{index=1, type=java.lang.String, declaredAnnotations=[]}])
Arguments: []
at java.base/java.util.ArrayList.forEach(ArrayList.java:1597)
... Removed 22 stack frames]]>
    </failure>
  </testcase> <!-- verifylogin -->
</testsuite> <!-- Test -->
